TN:
SF:src/DepositVault.sol
DA:32,7
FN:32,DepositVault.constructor
FNDA:7,DepositVault.constructor
DA:36,7
DA:37,7
DA:40,9
FN:40,DepositVault.depositToken
FNDA:9,DepositVault.depositToken
DA:46,9
BRDA:46,0,0,1
DA:47,1
DA:54,8
DA:56,8
DA:57,8
DA:58,8
DA:62,8
DA:64,8
DA:66,8
DA:76,8
DA:78,8
BRDA:78,1,0,-
DA:79,0
DA:85,8
DA:87,8
DA:88,8
DA:90,8
DA:92,8
DA:101,6
FN:101,DepositVault.getUserTokenBalance
FNDA:6,DepositVault.getUserTokenBalance
DA:105,6
FNF:3
FNH:3
LF:23
LH:22
BRF:2
BRH:1
end_of_record
TN:
SF:src/ReceiverVault.sol
DA:34,7
FN:34,ReceiverVault.constructor
FNDA:7,ReceiverVault.constructor
DA:38,7
DA:41,8
FN:41,ReceiverVault.onlyAllowListed
FNDA:8,ReceiverVault.onlyAllowListed
DA:42,8
BRDA:42,0,0,-
DA:43,0
DA:47,8
DA:48,0
BRDA:48,1,0,-
DA:49,0
DA:57,8
FN:57,ReceiverVault.setSender
FNDA:8,ReceiverVault.setSender
DA:58,8
DA:61,1
FN:61,ReceiverVault.setSourceChainSelector
FNDA:1,ReceiverVault.setSourceChainSelector
DA:64,1
DA:66,1
DA:69,8
FN:69,ReceiverVault._ccipReceive
FNDA:8,ReceiverVault._ccipReceive
DA:79,8
DA:84,8
DA:86,8
DA:95,1
FN:95,ReceiverVault.getSourceChainSelector
FNDA:1,ReceiverVault.getSourceChainSelector
DA:96,1
DA:99,1
FN:99,ReceiverVault.getSender
FNDA:1,ReceiverVault.getSender
DA:100,1
DA:103,6
FN:103,ReceiverVault.getUserTokenBalance
FNDA:6,ReceiverVault.getUserTokenBalance
DA:107,6
FNF:8
FNH:8
LF:23
LH:20
BRF:2
BRH:0
end_of_record
